#! /usr/local/iverilog/bin/vvp
:ivl_version "11.0 (devel)" "(s20150603-642-g3bdb50da)";
:ivl_delay_selection "TYPICAL";
:vpi_time_precision - 12;
:vpi_module "system";
:vpi_module "vhdl_sys";
:vpi_module "vhdl_textio";
:vpi_module "v2005_math";
:vpi_module "va_math";
S_000000000086ea30 .scope module, "Encoders_tb" "Encoders_tb" 2 6;
 .timescale -9 -12;
P_000000000086e230 .param/l "PERIOD" 0 2 15, +C4<00000000000000000000000000001010>;
v00000000008d7a70_0 .var "ST", 0 0;
v00000000008d7b10_0 .net "YEX", 0 0, v00000000008d7070_0;  1 drivers
v00000000008d7bb0_0 .net "YS", 0 0, v00000000008d7f70_0;  1 drivers
v00000000008d7430_0 .var "in1", 7 0;
v00000000008d7e30_0 .var "in2", 7 0;
v00000000008d72f0_0 .net "out1", 2 0, L_00000000008d9660;  1 drivers
v00000000008d7390_0 .net "out2", 2 0, v00000000008d71b0_0;  1 drivers
v00000000008d74d0_0 .net "out3", 2 0, v00000000008d7d90_0;  1 drivers
S_00000000011abbc0 .scope module, "u_encoder__8_to_3" "encoder__8_to_3" 2 37, 3 3 0, S_000000000086ea30;
 .timescale -9 -12;
    .port_info 0 /INPUT 8 "in";
    .port_info 1 /OUTPUT 3 "out";
v00000000011abd50_0 .net *"_s1", 3 0, L_00000000008d8800;  1 drivers
v00000000011abdf0_0 .net *"_s11", 0 0, L_00000000008d9480;  1 drivers
v00000000011abe90_0 .net *"_s13", 0 0, L_00000000008d9160;  1 drivers
v00000000011abf30_0 .net *"_s15", 0 0, L_00000000008d89e0;  1 drivers
v000000000087ab00_0 .net *"_s17", 0 0, L_00000000008d81c0;  1 drivers
v000000000087aba0_0 .net *"_s19", 0 0, L_00000000008d90c0;  1 drivers
v00000000008d7930_0 .net *"_s20", 3 0, L_00000000008d8940;  1 drivers
v00000000008d7ed0_0 .net *"_s23", 0 0, L_00000000008d9340;  1 drivers
v00000000008d7c50_0 .net *"_s3", 0 0, L_00000000008d8bc0;  1 drivers
v00000000008d7570_0 .net *"_s5", 1 0, L_00000000008d8260;  1 drivers
v00000000008d7110_0 .net *"_s7", 1 0, L_00000000008d9020;  1 drivers
v00000000008d77f0_0 .net *"_s8", 3 0, L_00000000008d93e0;  1 drivers
v00000000008d7250_0 .net "in", 7 0, v00000000008d7430_0;  1 drivers
v00000000008d7610_0 .net "out", 2 0, L_00000000008d9660;  alias, 1 drivers
L_00000000008d8800 .part v00000000008d7430_0, 4, 4;
L_00000000008d8bc0 .reduce/or L_00000000008d8800;
L_00000000008d8260 .part v00000000008d7430_0, 6, 2;
L_00000000008d9020 .part v00000000008d7430_0, 2, 2;
L_00000000008d93e0 .concat [ 2 2 0 0], L_00000000008d9020, L_00000000008d8260;
L_00000000008d9480 .reduce/or L_00000000008d93e0;
L_00000000008d9160 .part v00000000008d7430_0, 7, 1;
L_00000000008d89e0 .part v00000000008d7430_0, 5, 1;
L_00000000008d81c0 .part v00000000008d7430_0, 3, 1;
L_00000000008d90c0 .part v00000000008d7430_0, 1, 1;
L_00000000008d8940 .concat [ 1 1 1 1], L_00000000008d90c0, L_00000000008d81c0, L_00000000008d89e0, L_00000000008d9160;
L_00000000008d9340 .reduce/or L_00000000008d8940;
L_00000000008d9660 .concat [ 1 1 1 0], L_00000000008d9340, L_00000000008d9480, L_00000000008d8bc0;
S_000000000087ac40 .scope module, "u_priorityEncoder_74xx148" "priorityEncoder_74xx148" 2 49, 3 29 0, S_000000000086ea30;
 .timescale -9 -12;
    .port_info 0 /INPUT 1 "ST";
    .port_info 1 /INPUT 8 "in";
    .port_info 2 /OUTPUT 3 "out";
    .port_info 3 /OUTPUT 1 "YEX";
    .port_info 4 /OUTPUT 1 "YS";
v00000000008d76b0_0 .net "ST", 0 0, v00000000008d7a70_0;  1 drivers
v00000000008d7070_0 .var "YEX", 0 0;
v00000000008d7f70_0 .var "YS", 0 0;
v00000000008d7750_0 .var/i "i", 31 0;
v00000000008d7cf0_0 .net "in", 7 0, v00000000008d7e30_0;  1 drivers
v00000000008d7d90_0 .var "out", 2 0;
E_000000000086db70 .event edge, v00000000008d7cf0_0;
S_0000000000843060 .scope begin, "loop" "loop" 3 43, 3 43 0, S_000000000087ac40;
 .timescale -9 -12;
S_00000000008431f0 .scope module, "u_priorityEncoder__8_3" "priorityEncoder__8_3" 2 43, 3 12 0, S_000000000086ea30;
 .timescale -9 -12;
    .port_info 0 /INPUT 8 "in";
    .port_info 1 /OUTPUT 3 "out";
v00000000008d7890_0 .var/i "i", 31 0;
v00000000008d79d0_0 .net "in", 7 0, v00000000008d7430_0;  alias, 1 drivers
v00000000008d71b0_0 .var "out", 2 0;
E_000000000086e530 .event edge, v00000000008d7250_0;
S_0000000000873e80 .scope begin, "loop" "loop" 3 18, 3 18 0, S_00000000008431f0;
 .timescale -9 -12;
    .scope S_00000000008431f0;
T_0 ;
    %wait E_000000000086e530;
    %fork t_1, S_0000000000873e80;
    %jmp t_0;
    .scope S_0000000000873e80;
t_1 ;
    %pushi/vec4 7, 0, 32;
    %store/vec4 v00000000008d7890_0, 0, 32;
T_0.0 ;
    %load/vec4 v00000000008d7890_0;
    %cmpi/s 0, 0, 32;
    %flag_inv 5; GE is !LT
    %jmp/0xz T_0.1, 5;
    %load/vec4 v00000000008d79d0_0;
    %load/vec4 v00000000008d7890_0;
    %part/s 1;
    %pad/u 32;
    %cmpi/e 1, 0, 32;
    %jmp/0xz  T_0.2, 4;
    %load/vec4 v00000000008d7890_0;
    %pad/s 3;
    %assign/vec4 v00000000008d71b0_0, 0;
    %disable S_0000000000873e80;
T_0.2 ;
    %load/vec4 v00000000008d7890_0;
    %subi 1, 0, 32;
    %store/vec4 v00000000008d7890_0, 0, 32;
    %jmp T_0.0;
T_0.1 ;
    %end;
    .scope S_00000000008431f0;
t_0 %join;
    %jmp T_0;
    .thread T_0, $push;
    .scope S_000000000087ac40;
T_1 ;
    %wait E_000000000086db70;
    %load/vec4 v00000000008d76b0_0;
    %nor/r;
    %flag_set/vec4 8;
    %jmp/0xz  T_1.0, 8;
    %load/vec4 v00000000008d7cf0_0;
    %and/r;
    %flag_set/vec4 8;
    %jmp/0xz  T_1.2, 8;
    %pushi/vec4 30, 0, 5;
    %split/vec4 1;
    %assign/vec4 v00000000008d7f70_0, 0;
    %split/vec4 1;
    %assign/vec4 v00000000008d7070_0, 0;
    %assign/vec4 v00000000008d7d90_0, 0;
    %jmp T_1.3;
T_1.2 ;
    %fork t_3, S_0000000000843060;
    %jmp t_2;
    .scope S_0000000000843060;
t_3 ;
    %pushi/vec4 0, 0, 32;
    %store/vec4 v00000000008d7750_0, 0, 32;
T_1.4 ;
    %load/vec4 v00000000008d7750_0;
    %cmpi/s 8, 0, 32;
    %jmp/0xz T_1.5, 5;
    %load/vec4 v00000000008d7cf0_0;
    %load/vec4 v00000000008d7750_0;
    %part/s 1;
    %pad/u 32;
    %cmpi/e 0, 0, 32;
    %jmp/0xz  T_1.6, 4;
    %load/vec4 v00000000008d7750_0;
    %concati/vec4 0, 0, 1;
    %concati/vec4 1, 0, 1;
    %pad/u 5;
    %split/vec4 1;
    %assign/vec4 v00000000008d7f70_0, 0;
    %split/vec4 1;
    %assign/vec4 v00000000008d7070_0, 0;
    %assign/vec4 v00000000008d7d90_0, 0;
    %disable S_0000000000843060;
T_1.6 ;
    %load/vec4 v00000000008d7750_0;
    %addi 1, 0, 32;
    %store/vec4 v00000000008d7750_0, 0, 32;
    %jmp T_1.4;
T_1.5 ;
    %end;
    .scope S_000000000087ac40;
t_2 %join;
T_1.3 ;
    %jmp T_1.1;
T_1.0 ;
    %pushi/vec4 31, 0, 5;
    %split/vec4 1;
    %assign/vec4 v00000000008d7f70_0, 0;
    %split/vec4 1;
    %assign/vec4 v00000000008d7070_0, 0;
    %assign/vec4 v00000000008d7d90_0, 0;
T_1.1 ;
    %jmp T_1;
    .thread T_1, $push;
    .scope S_000000000086ea30;
T_2 ;
    %pushi/vec4 0, 0, 8;
    %store/vec4 v00000000008d7430_0, 0, 8;
    %pushi/vec4 0, 0, 8;
    %store/vec4 v00000000008d7e30_0, 0, 8;
    %pushi/vec4 0, 0, 1;
    %store/vec4 v00000000008d7a70_0, 0, 1;
    %end;
    .thread T_2;
    .scope S_000000000086ea30;
T_3 ;
    %vpi_call 2 10 "$dumpfile", "Encoders_tb.vcd" {0 0 0};
    %vpi_call 2 11 "$dumpvars", 32'sb00000000000000000000000000000000, S_000000000086ea30 {0 0 0};
    %end;
    .thread T_3;
    .scope S_000000000086ea30;
T_4 ;
    %pushi/vec4 129, 0, 8;
    %store/vec4 v00000000008d7430_0, 0, 8;
    %pushi/vec4 254, 0, 8;
    %store/vec4 v00000000008d7e30_0, 0, 8;
    %delay 100000, 0;
    %pushi/vec4 66, 0, 8;
    %store/vec4 v00000000008d7430_0, 0, 8;
    %pushi/vec4 253, 0, 8;
    %store/vec4 v00000000008d7e30_0, 0, 8;
    %delay 100000, 0;
    %pushi/vec4 36, 0, 8;
    %store/vec4 v00000000008d7430_0, 0, 8;
    %pushi/vec4 251, 0, 8;
    %store/vec4 v00000000008d7e30_0, 0, 8;
    %delay 100000, 0;
    %pushi/vec4 24, 0, 8;
    %store/vec4 v00000000008d7430_0, 0, 8;
    %pushi/vec4 247, 0, 8;
    %store/vec4 v00000000008d7e30_0, 0, 8;
    %delay 100000, 0;
    %pushi/vec4 16, 0, 8;
    %store/vec4 v00000000008d7430_0, 0, 8;
    %pushi/vec4 231, 0, 8;
    %store/vec4 v00000000008d7e30_0, 0, 8;
    %delay 100000, 0;
    %pushi/vec4 32, 0, 8;
    %store/vec4 v00000000008d7430_0, 0, 8;
    %pushi/vec4 219, 0, 8;
    %store/vec4 v00000000008d7e30_0, 0, 8;
    %delay 100000, 0;
    %pushi/vec4 64, 0, 8;
    %store/vec4 v00000000008d7430_0, 0, 8;
    %pushi/vec4 189, 0, 8;
    %store/vec4 v00000000008d7e30_0, 0, 8;
    %delay 100000, 0;
    %pushi/vec4 128, 0, 8;
    %store/vec4 v00000000008d7430_0, 0, 8;
    %pushi/vec4 126, 0, 8;
    %store/vec4 v00000000008d7e30_0, 0, 8;
    %delay 100000, 0;
    %pushi/vec4 64, 0, 8;
    %store/vec4 v00000000008d7430_0, 0, 8;
    %pushi/vec4 255, 0, 8;
    %store/vec4 v00000000008d7e30_0, 0, 8;
    %delay 100000, 0;
    %pushi/vec4 1, 0, 1;
    %store/vec4 v00000000008d7a70_0, 0, 1;
    %pushi/vec4 128, 0, 8;
    %store/vec4 v00000000008d7430_0, 0, 8;
    %pushi/vec4 126, 0, 8;
    %store/vec4 v00000000008d7e30_0, 0, 8;
    %delay 100000, 0;
    %vpi_call 2 114 "$finish" {0 0 0};
    %end;
    .thread T_4;
# The file index is used to find the file name in the following table.
:file_names 4;
    "N/A";
    "<interactive>";
    "Encoders_tb.v";
    "./Encoders.v";
