#! /usr/local/iverilog/bin/vvp
:ivl_version "11.0 (devel)" "(s20150603-642-g3bdb50da)";
:ivl_delay_selection "TYPICAL";
:vpi_time_precision + 0;
:vpi_module "system";
:vpi_module "vhdl_sys";
:vpi_module "vhdl_textio";
:vpi_module "v2005_math";
:vpi_module "va_math";
S_0000000000875550 .scope module, "Ex1" "Ex1" 2 2;
 .timescale 0 0;
    .port_info 0 /INPUT 1 "a";
    .port_info 1 /INPUT 1 "b";
    .port_info 2 /OUTPUT 1 "c";
o0000000000876fb8 .functor BUFZ 1, C4<z>; HiZ drive
v00000000001fb1f0_0 .net "a", 0 0, o0000000000876fb8;  0 drivers
o0000000000876fe8 .functor BUFZ 1, C4<z>; HiZ drive
v0000000000842b00_0 .net "b", 0 0, o0000000000876fe8;  0 drivers
v0000000000842ba0_0 .net "c", 0 0, L_00000000001fee80;  1 drivers
S_0000000000842970 .scope module, "m1" "andGate" 2 4, 3 1 0, S_0000000000875550;
 .timescale 0 0;
    .port_info 0 /INPUT 1 "in1";
    .port_info 1 /INPUT 1 "in2";
    .port_info 2 /OUTPUT 1 "out";
L_00000000001fee80 .functor AND 1, o0000000000876fb8, o0000000000876fe8, C4<1>, C4<1>;
v0000000000875870_0 .net "in1", 0 0, o0000000000876fb8;  alias, 0 drivers
v00000000001fede0_0 .net "in2", 0 0, o0000000000876fe8;  alias, 0 drivers
v00000000001fb150_0 .net "out", 0 0, L_00000000001fee80;  alias, 1 drivers
S_00000000008756e0 .scope module, "orGate" "orGate" 3 8;
 .timescale 0 0;
    .port_info 0 /INPUT 1 "in1";
    .port_info 1 /INPUT 1 "in2";
    .port_info 2 /OUTPUT 1 "out";
o0000000000877168 .functor BUFZ 1, C4<z>; HiZ drive
o0000000000877198 .functor BUFZ 1, C4<z>; HiZ drive
L_0000000000870ca0 .functor OR 1, o0000000000877168, o0000000000877198, C4<0>, C4<0>;
v0000000000842c40_0 .net "in1", 0 0, o0000000000877168;  0 drivers
v0000000000842ce0_0 .net "in2", 0 0, o0000000000877198;  0 drivers
v0000000000870c00_0 .net "out", 0 0, L_0000000000870ca0;  1 drivers
# The file index is used to find the file name in the following table.
:file_names 4;
    "N/A";
    "<interactive>";
    "Ex1.v";
    "./Gates.v";
